<?xml version="1.0" encoding="UTF-8"?>
<testsuite xmlns:xsi="http://www.w3.org/2001/XMLSchema-instance" xsi:noNamespaceSchemaLocation="https://maven.apache.org/surefire/maven-surefire-plugin/xsd/surefire-test-report-3.0.xsd" version="3.0" name="ChessGUI.ChessTest" time="22.194" tests="15" errors="0" skipped="0" failures="0">
  <properties>
[...]
</properties>
  <testcase name="testStaleMate" classname="ChessGUI.ChessTest" time="0.644">
    <system-out><![CDATA[jdbc:derby:chessDB connected...
]]></system-out>
  </testcase>
  <testcase name="testWhiteCastleKingside" classname="ChessGUI.ChessTest" time="0.008"/>
  <testcase name="testPlayingEnPassant" classname="ChessGUI.ChessTest" time="0.002"/>
  <testcase name="testBlackCastleQueenside" classname="ChessGUI.ChessTest" time="0.005"/>
  <testcase name="testWhiteCastleQueenside" classname="ChessGUI.ChessTest" time="0.003"/>
  <testcase name="testPromotionToRook" classname="ChessGUI.ChessTest" time="0.005"/>
  <testcase name="testPromotionToQueen" classname="ChessGUI.ChessTest" time="0.006"/>
  <testcase name="testSettingEnPassant" classname="ChessGUI.ChessTest" time="0.002"/>
  <testcase name="testCheckMate" classname="ChessGUI.ChessTest" time="0.001"/>
  <testcase name="testPerftPositionOne" classname="ChessGUI.ChessTest" time="16.935"/>
  <testcase name="testPerftPositionTwo" classname="ChessGUI.ChessTest" time="2.425"/>
  <testcase name="testPromotionToBishop" classname="ChessGUI.ChessTest" time="0.002"/>
  <testcase name="testPerftPositionThree" classname="ChessGUI.ChessTest" time="2.144"/>
  <testcase name="testBlackCastleKingside" classname="ChessGUI.ChessTest" time="0"/>
  <testcase name="testPromotionToKnight" classname="ChessGUI.ChessTest" time="0.001"/>
</testsuite>